# do {tb_uart_loopback_compile.do}
# ** Warning: (vlib-34) Library already exists at "modelsim_lib/work".
# Errors: 0, Warnings: 1
# ** Warning: (vlib-34) Library already exists at "modelsim_lib/msim".
# Errors: 0, Warnings: 1
# ** Warning: (vlib-34) Library already exists at "modelsim_lib/msim/xil_defaultlib".
# Errors: 0, Warnings: 1
# Model Technology ModelSim SE-64 vmap 2020.4 Lib Mapping Utility 2020.10 Oct 13 2020
# vmap xil_defaultlib modelsim_lib/msim/xil_defaultlib 
# Modifying modelsim.ini
# Model Technology ModelSim SE-64 vlog 2020.4 Compiler 2020.10 Oct 13 2020
# Start time: 09:39:07 on Jun 01,2023
# vlog -incr -work xil_defaultlib ../../../../../rtl/uart_loopback.v ../../../../../rtl/uart_rx.v ../../../../../rtl/uart_tx.v ../../../../../sim/tb/tb_uart_loopback.v 
# -- Skipping module uart_loopback
# -- Skipping module uart_rx
# -- Skipping module uart_tx
# -- Skipping module tb_uart_loopback
# 
# Top level modules:
# 	tb_uart_loopback
# End time: 09:39:07 on Jun 01,2023, Elapsed time: 0:00:00
# Errors: 0, Warnings: 0
# Model Technology ModelSim SE-64 vlog 2020.4 Compiler 2020.10 Oct 13 2020
# Start time: 09:39:08 on Jun 01,2023
# vlog -work xil_defaultlib glbl.v 
# -- Compiling module glbl
# 
# Top level modules:
# 	glbl
# End time: 09:39:08 on Jun 01,2023, Elapsed time: 0:00:00
# Errors: 0, Warnings: 0
